<?xml version="1.0" encoding="UTF-8"?>
<!-- Generated by org.testng.reporters.JUnitReportReporter -->
<testsuite skipped="0" hostname="Malav_PC" name="Academy.HomePage" tests="2" failures="0" timestamp="2020-05-16T12:59:29 EDT" time="33.158" errors="0">
  <testcase name="basePageNavigation" time="13.092" classname="Academy.HomePage"/>
  <system-out/>
  <testcase name="basePageNavigation" time="20.066" classname="Academy.HomePage"/>
  <system-out/>
</testsuite> <!-- Academy.HomePage -->
