<?xml version="1.0" encoding="UTF-8"?>
<!-- Generated by org.testng.reporters.JUnitReportReporter -->
<testsuite skipped="0" hostname="Malav_PC" name="Academy.validateNavigationBar" tests="1" failures="0" timestamp="2020-05-16T12:59:29 EDT" time="0.123" errors="0">
  <testcase name="validateAppNavBar" time="0.123" classname="Academy.validateNavigationBar"/>
  <system-out/>
</testsuite> <!-- Academy.validateNavigationBar -->
